<?xml version="1.0" encoding="UTF-8"?>
<!-- Generated by org.testng.reporters.JUnitReportReporter -->
<testsuite hostname="sanil-Inspiron-5575" failures="0" tests="1" name="sanil.laptopPurchase.test.LaptopsAndNotebooksPageTest" time="76.831" errors="0" timestamp="05 Jan. 2023 16:14:58 GMT" skipped="0">
  <testcase classname="sanil.laptopPurchase.test.LaptopsAndNotebooksPageTest" name="verifyAlertBannerForInvalidLoginCredentials" time="76.831"/>
</testsuite> <!-- sanil.laptopPurchase.test.LaptopsAndNotebooksPageTest -->
