<?xml version="1.0" encoding="UTF-8"?>
<!-- Generated by org.testng.reporters.JUnitReportReporter -->
<testsuite hostname="sanil-Inspiron-5575" failures="0" tests="1" name="sanil.laptopPurchase.test.AccountLoginPageTest" time="42.616" errors="0" timestamp="03 Jan. 2023 12:55:01 GMT" skipped="0">
  <testcase classname="sanil.laptopPurchase.test.AccountLoginPageTest" name="verifyAlertBannerForInvalidLoginCredentials" time="42.616"/>
</testsuite> <!-- sanil.laptopPurchase.test.AccountLoginPageTest -->
