<?xml version="1.0" encoding="UTF-8"?>
<!-- Generated by org.testng.reporters.JUnitReportReporter -->
<testsuite hostname="sanil-Inspiron-5575" failures="0" tests="1" name="sanil.laptopPurchase.test.MyWishListTest" time="15.181" errors="0" timestamp="05 Jan. 2023 16:12:21 GMT" skipped="0">
  <testcase classname="sanil.laptopPurchase.test.MyWishListTest" name="verifyAddingProductToWishList" time="15.181"/>
</testsuite> <!-- sanil.laptopPurchase.test.MyWishListTest -->
