<?xml version="1.0" encoding="UTF-8"?>
<!-- Generated by org.testng.reporters.JUnitReportReporter -->
<testsuite hostname="sanil-Inspiron-5575" failures="0" tests="1" name="sanil.laptopPurchase.test.LaptopsAndNotebooksPageTest" time="24.319" errors="0" timestamp="06 Mar. 2023 16:21:07 GMT" skipped="0">
  <testcase classname="sanil.laptopPurchase.test.LaptopsAndNotebooksPageTest" name="verifyAlertBannerForInvalidLoginCredentials" time="24.319"/>
</testsuite> <!-- sanil.laptopPurchase.test.LaptopsAndNotebooksPageTest -->
